Insert into test_table9 values(0,0,0.0,0.0,00000,0,0,0.0,0.0,00000);
Insert into test_table9 values(1,1,1.0,1.0,00001,1,1,1.0,1.0,00001);
Insert into test_table9 values(2,2,2.0,2.0,00002,2,2,2.0,2.0,00002);
Insert into test_table9 values(3,3,3.0,3.0,00003,3,3,3.0,3.0,00003);
Insert into test_table9 values(4,4,4.0,4.0,00004,4,4,4.0,4.0,00004);
Insert into test_table9 values(5,5,5.0,5.0,00005,5,5,5.0,5.0,00005);
Insert into test_table9 values(6,6,6.0,6.0,00006,6,6,6.0,6.0,00006);
Insert into test_table9 values(7,7,7.0,7.0,00007,7,7,7.0,7.0,00007);
Insert into test_table9 values(8,8,8.0,8.0,00008,8,8,8.0,8.0,00008);
Insert into test_table9 values(9,9,9.0,9.0,00009,9,9,9.0,9.0,00009);
Insert into test_table0 values(0,0,0.0,0.0,00000,0,0,0.0,0.0,00000);
Insert into test_table0 values(1,1,1.0,1.0,00001,1,1,1.0,1.0,00001);
Insert into test_table0 values(2,2,2.0,2.0,00002,2,2,2.0,2.0,00002);
Insert into test_table0 values(3,3,3.0,3.0,00003,3,3,3.0,3.0,00003);
Insert into test_table0 values(4,4,4.0,4.0,00004,4,4,4.0,4.0,00004);
Insert into test_table0 values(5,5,5.0,5.0,00005,5,5,5.0,5.0,00005);
Insert into test_table0 values(6,6,6.0,6.0,00006,6,6,6.0,6.0,00006);
Insert into test_table0 values(7,7,7.0,7.0,00007,7,7,7.0,7.0,00007);
Insert into test_table0 values(8,8,8.0,8.0,00008,8,8,8.0,8.0,00008);
Insert into test_table0 values(9,9,9.0,9.0,00009,9,9,9.0,9.0,00009);
Insert into test_table1 values(0,0,0.0,0.0,00000,0,0,0.0,0.0,00000);
Insert into test_table1 values(1,1,1.0,1.0,00001,1,1,1.0,1.0,00001);
Insert into test_table1 values(2,2,2.0,2.0,00002,2,2,2.0,2.0,00002);
Insert into test_table1 values(3,3,3.0,3.0,00003,3,3,3.0,3.0,00003);
Insert into test_table1 values(4,4,4.0,4.0,00004,4,4,4.0,4.0,00004);
Insert into test_table1 values(5,5,5.0,5.0,00005,5,5,5.0,5.0,00005);
Insert into test_table1 values(6,6,6.0,6.0,00006,6,6,6.0,6.0,00006);
Insert into test_table1 values(7,7,7.0,7.0,00007,7,7,7.0,7.0,00007);
Insert into test_table1 values(8,8,8.0,8.0,00008,8,8,8.0,8.0,00008);
Insert into test_table1 values(9,9,9.0,9.0,00009,9,9,9.0,9.0,00009);
Insert into test_table2 values(0,0,0.0,0.0,00000,0,0,0.0,0.0,00000);
Insert into test_table2 values(1,1,1.0,1.0,00001,1,1,1.0,1.0,00001);
Insert into test_table2 values(2,2,2.0,2.0,00002,2,2,2.0,2.0,00002);
Insert into test_table2 values(3,3,3.0,3.0,00003,3,3,3.0,3.0,00003);
Insert into test_table2 values(4,4,4.0,4.0,00004,4,4,4.0,4.0,00004);
Insert into test_table2 values(5,5,5.0,5.0,00005,5,5,5.0,5.0,00005);
Insert into test_table2 values(6,6,6.0,6.0,00006,6,6,6.0,6.0,00006);
Insert into test_table2 values(7,7,7.0,7.0,00007,7,7,7.0,7.0,00007);
Insert into test_table2 values(8,8,8.0,8.0,00008,8,8,8.0,8.0,00008);
Insert into test_table2 values(9,9,9.0,9.0,00009,9,9,9.0,9.0,00009);
Insert into test_table3 values(0,0,0.0,0.0,00000,0,0,0.0,0.0,00000);
Insert into test_table3 values(1,1,1.0,1.0,00001,1,1,1.0,1.0,00001);
Insert into test_table3 values(2,2,2.0,2.0,00002,2,2,2.0,2.0,00002);
Insert into test_table3 values(3,3,3.0,3.0,00003,3,3,3.0,3.0,00003);
Insert into test_table3 values(4,4,4.0,4.0,00004,4,4,4.0,4.0,00004);
Insert into test_table3 values(5,5,5.0,5.0,00005,5,5,5.0,5.0,00005);
Insert into test_table3 values(6,6,6.0,6.0,00006,6,6,6.0,6.0,00006);
Insert into test_table3 values(7,7,7.0,7.0,00007,7,7,7.0,7.0,00007);
Insert into test_table3 values(8,8,8.0,8.0,00008,8,8,8.0,8.0,00008);
Insert into test_table3 values(9,9,9.0,9.0,00009,9,9,9.0,9.0,00009);
Insert into test_table4 values(0,0,0.0,0.0,00000,0,0,0.0,0.0,00000);
Insert into test_table4 values(1,1,1.0,1.0,00001,1,1,1.0,1.0,00001);
Insert into test_table4 values(2,2,2.0,2.0,00002,2,2,2.0,2.0,00002);
Insert into test_table4 values(3,3,3.0,3.0,00003,3,3,3.0,3.0,00003);
Insert into test_table4 values(4,4,4.0,4.0,00004,4,4,4.0,4.0,00004);
Insert into test_table4 values(5,5,5.0,5.0,00005,5,5,5.0,5.0,00005);
Insert into test_table4 values(6,6,6.0,6.0,00006,6,6,6.0,6.0,00006);
Insert into test_table4 values(7,7,7.0,7.0,00007,7,7,7.0,7.0,00007);
Insert into test_table4 values(8,8,8.0,8.0,00008,8,8,8.0,8.0,00008);
Insert into test_table4 values(9,9,9.0,9.0,00009,9,9,9.0,9.0,00009);
Insert into test_table5 values(0,0,0.0,0.0,00000,0,0,0.0,0.0,00000);
Insert into test_table5 values(1,1,1.0,1.0,00001,1,1,1.0,1.0,00001);
Insert into test_table5 values(2,2,2.0,2.0,00002,2,2,2.0,2.0,00002);
Insert into test_table5 values(3,3,3.0,3.0,00003,3,3,3.0,3.0,00003);
Insert into test_table5 values(4,4,4.0,4.0,00004,4,4,4.0,4.0,00004);
Insert into test_table5 values(5,5,5.0,5.0,00005,5,5,5.0,5.0,00005);
Insert into test_table5 values(6,6,6.0,6.0,00006,6,6,6.0,6.0,00006);
Insert into test_table5 values(7,7,7.0,7.0,00007,7,7,7.0,7.0,00007);
Insert into test_table5 values(8,8,8.0,8.0,00008,8,8,8.0,8.0,00008);
Insert into test_table5 values(9,9,9.0,9.0,00009,9,9,9.0,9.0,00009);
Insert into test_table6 values(0,0,0.0,0.0,00000,0,0,0.0,0.0,00000);
Insert into test_table6 values(1,1,1.0,1.0,00001,1,1,1.0,1.0,00001);
Insert into test_table6 values(2,2,2.0,2.0,00002,2,2,2.0,2.0,00002);
Insert into test_table6 values(3,3,3.0,3.0,00003,3,3,3.0,3.0,00003);
Insert into test_table6 values(4,4,4.0,4.0,00004,4,4,4.0,4.0,00004);
Insert into test_table6 values(5,5,5.0,5.0,00005,5,5,5.0,5.0,00005);
Insert into test_table6 values(6,6,6.0,6.0,00006,6,6,6.0,6.0,00006);
Insert into test_table6 values(7,7,7.0,7.0,00007,7,7,7.0,7.0,00007);
Insert into test_table6 values(8,8,8.0,8.0,00008,8,8,8.0,8.0,00008);
Insert into test_table6 values(9,9,9.0,9.0,00009,9,9,9.0,9.0,00009);
Insert into test_table7 values(0,0,0.0,0.0,00000,0,0,0.0,0.0,00000);
Insert into test_table7 values(1,1,1.0,1.0,00001,1,1,1.0,1.0,00001);
Insert into test_table7 values(2,2,2.0,2.0,00002,2,2,2.0,2.0,00002);
Insert into test_table7 values(3,3,3.0,3.0,00003,3,3,3.0,3.0,00003);
Insert into test_table7 values(4,4,4.0,4.0,00004,4,4,4.0,4.0,00004);
Insert into test_table7 values(5,5,5.0,5.0,00005,5,5,5.0,5.0,00005);
Insert into test_table7 values(6,6,6.0,6.0,00006,6,6,6.0,6.0,00006);
Insert into test_table7 values(7,7,7.0,7.0,00007,7,7,7.0,7.0,00007);
Insert into test_table7 values(8,8,8.0,8.0,00008,8,8,8.0,8.0,00008);
Insert into test_table7 values(9,9,9.0,9.0,00009,9,9,9.0,9.0,00009);
Insert into test_table8 values(0,0,0.0,0.0,00000,0,0,0.0,0.0,00000);
Insert into test_table8 values(1,1,1.0,1.0,00001,1,1,1.0,1.0,00001);
Insert into test_table8 values(2,2,2.0,2.0,00002,2,2,2.0,2.0,00002);
Insert into test_table8 values(3,3,3.0,3.0,00003,3,3,3.0,3.0,00003);
Insert into test_table8 values(4,4,4.0,4.0,00004,4,4,4.0,4.0,00004);
Insert into test_table8 values(5,5,5.0,5.0,00005,5,5,5.0,5.0,00005);
Insert into test_table8 values(6,6,6.0,6.0,00006,6,6,6.0,6.0,00006);
Insert into test_table8 values(7,7,7.0,7.0,00007,7,7,7.0,7.0,00007);
Insert into test_table8 values(8,8,8.0,8.0,00008,8,8,8.0,8.0,00008);
Insert into test_table8 values(9,9,9.0,9.0,00009,9,9,9.0,9.0,00009);
